<?xml version="1.0" encoding="UTF-8"?>
<testsuite xmlns:xsi="http://www.w3.org/2001/XMLSchema-instance" xsi:noNamespaceSchemaLocation="https://maven.apache.org/surefire/maven-surefire-plugin/xsd/surefire-test-report-3.0.xsd" version="3.0" name="co.edu.uniremington.library.controller.BookControllerTest" time="33.821" tests="9" errors="0" skipped="0" failures="0">
  <properties>
[...]
</properties>
  <testcase name="whenGettingAllBooks_thenReturnHttp200WithList" classname="co.edu.uniremington.library.controller.BookControllerTest" time="1.65">
    <system-out><![CDATA[16:52:24.680 [main] INFO org.springframework.test.context.support.AnnotationConfigContextLoaderUtils -- Could not detect default configuration classes for test class [co.edu.uniremington.library.controller.BookControllerTest]: BookControllerTest does not declare any static, non-private, non-final, nested classes annotated with @Configuration.
16:52:29.666 [main] INFO org.springframework.boot.test.context.SpringBootTestContextBootstrapper -- Found @SpringBootConfiguration co.edu.uniremington.library.LibraryApplication for test class co.edu.uniremington.library.controller.BookControllerTest

  .   ____          _            __ _ _
 /\\ / ___'_ __ _ _(_)_ __  __ _ \ \ \ \
( ( )\___ | '_ | '_| | '_ \/ _` | \ \ \ \
 \\/  ___)| |_)| | | | | || (_| |  ) ) ) )
  '  |____| .__|_| |_|_| |_\__, | / / / /
 =========|_|==============|___/=/_/_/_/
 :: Spring Boot ::                (v3.2.0)

2025-10-30T16:52:36.297-05:00  INFO 31908 --- [           main] c.e.u.l.controller.BookControllerTest    : Starting BookControllerTest using Java 21.0.4 with PID 31908 (started by hp in C:\Jose\Universidad_Remington\prog-avanzado-2025\library-testing)
2025-10-30T16:52:36.312-05:00 DEBUG 31908 --- [           main] c.e.u.l.controller.BookControllerTest    : Running with Spring Boot v3.2.0, Spring v6.1.1
2025-10-30T16:52:36.324-05:00  INFO 31908 --- [           main] c.e.u.l.controller.BookControllerTest    : No active profile set, falling back to 1 default profile: "default"
2025-10-30T16:52:55.370-05:00  INFO 31908 --- [           main] o.s.b.t.m.w.SpringBootMockServletContext : Initializing Spring TestDispatcherServlet ''
2025-10-30T16:52:55.373-05:00  INFO 31908 --- [           main] o.s.t.web.servlet.TestDispatcherServlet  : Initializing Servlet ''
2025-10-30T16:52:55.410-05:00  INFO 31908 --- [           main] o.s.t.web.servlet.TestDispatcherServlet  : Completed initialization in 14 ms
2025-10-30T16:52:55.841-05:00  INFO 31908 --- [           main] c.e.u.l.controller.BookControllerTest    : Started BookControllerTest in 23.985 seconds (process running for 35.461)
]]></system-out>
  </testcase>
  <testcase name="whenRegisteringValidBook_thenReturnHttp201" classname="co.edu.uniremington.library.controller.BookControllerTest" time="0.145"/>
  <testcase name="whenNoAvailableBooks_thenReturnEmptyList" classname="co.edu.uniremington.library.controller.BookControllerTest" time="0.013"/>
  <testcase name="whenNoBooks_thenReturnHttp200WithEmptyList" classname="co.edu.uniremington.library.controller.BookControllerTest" time="0.009"/>
  <testcase name="whenGettingAvailableBooks_thenReturnOnlyAvailable" classname="co.edu.uniremington.library.controller.BookControllerTest" time="0.014"/>
  <testcase name="whenRegisteringBookWithoutCopies_thenDefaultsAppliedAndHttp201" classname="co.edu.uniremington.library.controller.BookControllerTest" time="0.012"/>
  <testcase name="whenInvalidIdFormat_thenReturnHttp400" classname="co.edu.uniremington.library.controller.BookControllerTest" time="0.016">
    <system-out><![CDATA[2025-10-30T16:52:57.886-05:00  WARN 31908 --- [           main] .w.s.m.s.DefaultHandlerExceptionResolver : Resolved [org.springframework.web.method.annotation.MethodArgumentTypeMismatchException: Failed to convert value of type 'java.lang.String' to required type 'java.lang.Long'; For input string: "invalid"]
]]></system-out>
  </testcase>
  <testcase name="whenGettingExistingBook_thenReturnHttp200WithBook" classname="co.edu.uniremington.library.controller.BookControllerTest" time="0.01"/>
  <testcase name="whenGettingNonExistentBook_thenReturnHttp404" classname="co.edu.uniremington.library.controller.BookControllerTest" time="0.02"/>
</testsuite>